<?xml version="1.0" encoding="UTF-8"?>
<testng-results skipped="0" failed="2" total="4" passed="2">
  <reporter-output>
  </reporter-output>
  <suite name="SuiteName" duration-ms="103396" started-at="2017-12-11T05:25:38Z" finished-at="2017-12-11T05:27:21Z">
    <groups>
    </groups>
    <test name="ScreenTest_Positive" duration-ms="31623" started-at="2017-12-11T05:25:38Z" finished-at="2017-12-11T05:26:10Z">
      <class name="com.tesco.pom.testcases.ScreenTest_Positive">
        <test-method status="PASS" signature="doLogin(java.util.Hashtable)[pri:0, instance:com.tesco.pom.testcases.ScreenTest_Positive@52102734]" name="doLogin" duration-ms="30200" started-at="2017-12-11T10:55:38Z" data-provider="getData" finished-at="2017-12-11T10:56:08Z">
          <params>
            <param index="0">
              <value>
                <![CDATA[{ExpectedResult=Success, Runmode=Y, Browser=Chrome}]]>
              </value>
            </param>
          </params>
          <reporter-output>
          </reporter-output>
        </test-method> <!-- doLogin -->
        <test-method status="PASS" signature="quit()[pri:0, instance:com.tesco.pom.testcases.ScreenTest_Positive@52102734]" name="quit" is-config="true" duration-ms="1391" started-at="2017-12-11T10:56:08Z" finished-at="2017-12-11T10:56:10Z">
          <reporter-output>
          </reporter-output>
        </test-method> <!-- quit -->
      </class> <!-- com.tesco.pom.testcases.ScreenTest_Positive -->
    </test> <!-- ScreenTest_Positive -->
    <test name="ScreenTest_Negative_Resize" duration-ms="24639" started-at="2017-12-11T05:26:10Z" finished-at="2017-12-11T05:26:34Z">
      <class name="com.tesco.pom.testcases.ScreenTest_Negative_Resize">
        <test-method status="FAIL" signature="doLogin(java.util.Hashtable)[pri:0, instance:com.tesco.pom.testcases.ScreenTest_Negative_Resize@79da8dc5]" name="doLogin" duration-ms="23687" started-at="2017-12-11T10:56:10Z" data-provider="getData" finished-at="2017-12-11T10:56:33Z">
          <params>
            <param index="0">
              <value>
                <![CDATA[{ExpectedResult=Success, Runmode=Y, Browser=Chrome}]]>
              </value>
            </param>
          </params>
          <exception class="java.lang.AssertionError">
            <message>
              <![CDATA[Tesco Groceries Items Resolution NOT appropriate]]>
            </message>
            <full-stacktrace>
              <![CDATA[java.lang.AssertionError: Tesco Groceries Items Resolution NOT appropriate
	at org.testng.Assert.fail(Assert.java:94)
	at com.tesco.pom.testcases.base.BaseTest.reportFailure(BaseTest.java:150)
	at com.tesco.pom.testcases.ScreenTest_Negative_Resize.doLogin(ScreenTest_Negative_Resize.java:74)
	at sun.reflect.NativeMethodAccessorImpl.invoke0(Native Method)
	at sun.reflect.NativeMethodAccessorImpl.invoke(Unknown Source)
	at sun.reflect.DelegatingMethodAccessorImpl.invoke(Unknown Source)
	at java.lang.reflect.Method.invoke(Unknown Source)
	at org.testng.internal.MethodInvocationHelper.invokeMethod(MethodInvocationHelper.java:85)
	at org.testng.internal.Invoker.invokeMethod(Invoker.java:639)
	at org.testng.internal.Invoker.invokeTestMethod(Invoker.java:816)
	at org.testng.internal.Invoker.invokeTestMethods(Invoker.java:1124)
	at org.testng.internal.TestMethodWorker.invokeTestMethods(TestMethodWorker.java:125)
	at org.testng.internal.TestMethodWorker.run(TestMethodWorker.java:108)
	at org.testng.TestRunner.privateRun(TestRunner.java:774)
	at org.testng.TestRunner.run(TestRunner.java:624)
	at org.testng.SuiteRunner.runTest(SuiteRunner.java:359)
	at org.testng.SuiteRunner.runSequentially(SuiteRunner.java:354)
	at org.testng.SuiteRunner.privateRun(SuiteRunner.java:312)
	at org.testng.SuiteRunner.run(SuiteRunner.java:261)
	at org.testng.SuiteRunnerWorker.runSuite(SuiteRunnerWorker.java:52)
	at org.testng.SuiteRunnerWorker.run(SuiteRunnerWorker.java:86)
	at org.testng.TestNG.runSuitesSequentially(TestNG.java:1215)
	at org.testng.TestNG.runSuitesLocally(TestNG.java:1140)
	at org.testng.TestNG.run(TestNG.java:1048)
	at org.testng.remote.AbstractRemoteTestNG.run(AbstractRemoteTestNG.java:132)
	at org.testng.remote.RemoteTestNG.initAndRun(RemoteTestNG.java:230)
	at org.testng.remote.RemoteTestNG.main(RemoteTestNG.java:76)
]]>
            </full-stacktrace>
          </exception> <!-- java.lang.AssertionError -->
          <reporter-output>
          </reporter-output>
        </test-method> <!-- doLogin -->
        <test-method status="PASS" signature="quit()[pri:0, instance:com.tesco.pom.testcases.ScreenTest_Negative_Resize@79da8dc5]" name="quit" is-config="true" duration-ms="944" started-at="2017-12-11T10:56:33Z" finished-at="2017-12-11T10:56:34Z">
          <reporter-output>
          </reporter-output>
        </test-method> <!-- quit -->
      </class> <!-- com.tesco.pom.testcases.ScreenTest_Negative_Resize -->
    </test> <!-- ScreenTest_Negative_Resize -->
    <test name="ScreenTest_Negative_LetterColoring" duration-ms="20271" started-at="2017-12-11T05:26:34Z" finished-at="2017-12-11T05:26:55Z">
      <class name="com.tesco.pom.testcases.ScreenTest_Negative_AcceptAndCloseDelete">
        <test-method status="FAIL" signature="doLogin(java.util.Hashtable)[pri:0, instance:com.tesco.pom.testcases.ScreenTest_Negative_AcceptAndCloseDelete@1b6e1eff]" name="doLogin" duration-ms="19314" started-at="2017-12-11T10:56:34Z" data-provider="getData" finished-at="2017-12-11T10:56:54Z">
          <params>
            <param index="0">
              <value>
                <![CDATA[{ExpectedResult=Success, Runmode=Y, Browser=Chrome}]]>
              </value>
            </param>
          </params>
          <exception class="java.lang.AssertionError">
            <message>
              <![CDATA[Privacy policy and cookies Resolution NOT appropriate]]>
            </message>
            <full-stacktrace>
              <![CDATA[java.lang.AssertionError: Privacy policy and cookies Resolution NOT appropriate
	at org.testng.Assert.fail(Assert.java:94)
	at com.tesco.pom.testcases.base.BaseTest.reportFailure(BaseTest.java:150)
	at com.tesco.pom.testcases.ScreenTest_Negative_AcceptAndCloseDelete.doLogin(ScreenTest_Negative_AcceptAndCloseDelete.java:73)
	at sun.reflect.NativeMethodAccessorImpl.invoke0(Native Method)
	at sun.reflect.NativeMethodAccessorImpl.invoke(Unknown Source)
	at sun.reflect.DelegatingMethodAccessorImpl.invoke(Unknown Source)
	at java.lang.reflect.Method.invoke(Unknown Source)
	at org.testng.internal.MethodInvocationHelper.invokeMethod(MethodInvocationHelper.java:85)
	at org.testng.internal.Invoker.invokeMethod(Invoker.java:639)
	at org.testng.internal.Invoker.invokeTestMethod(Invoker.java:816)
	at org.testng.internal.Invoker.invokeTestMethods(Invoker.java:1124)
	at org.testng.internal.TestMethodWorker.invokeTestMethods(TestMethodWorker.java:125)
	at org.testng.internal.TestMethodWorker.run(TestMethodWorker.java:108)
	at org.testng.TestRunner.privateRun(TestRunner.java:774)
	at org.testng.TestRunner.run(TestRunner.java:624)
	at org.testng.SuiteRunner.runTest(SuiteRunner.java:359)
	at org.testng.SuiteRunner.runSequentially(SuiteRunner.java:354)
	at org.testng.SuiteRunner.privateRun(SuiteRunner.java:312)
	at org.testng.SuiteRunner.run(SuiteRunner.java:261)
	at org.testng.SuiteRunnerWorker.runSuite(SuiteRunnerWorker.java:52)
	at org.testng.SuiteRunnerWorker.run(SuiteRunnerWorker.java:86)
	at org.testng.TestNG.runSuitesSequentially(TestNG.java:1215)
	at org.testng.TestNG.runSuitesLocally(TestNG.java:1140)
	at org.testng.TestNG.run(TestNG.java:1048)
	at org.testng.remote.AbstractRemoteTestNG.run(AbstractRemoteTestNG.java:132)
	at org.testng.remote.RemoteTestNG.initAndRun(RemoteTestNG.java:230)
	at org.testng.remote.RemoteTestNG.main(RemoteTestNG.java:76)
]]>
            </full-stacktrace>
          </exception> <!-- java.lang.AssertionError -->
          <reporter-output>
          </reporter-output>
        </test-method> <!-- doLogin -->
        <test-method status="PASS" signature="quit()[pri:0, instance:com.tesco.pom.testcases.ScreenTest_Negative_AcceptAndCloseDelete@1b6e1eff]" name="quit" is-config="true" duration-ms="952" started-at="2017-12-11T10:56:54Z" finished-at="2017-12-11T10:56:55Z">
          <reporter-output>
          </reporter-output>
        </test-method> <!-- quit -->
      </class> <!-- com.tesco.pom.testcases.ScreenTest_Negative_AcceptAndCloseDelete -->
    </test> <!-- ScreenTest_Negative_LetterColoring -->
    <test name="ScreenTest_Negative_DeleteLabel" duration-ms="26775" started-at="2017-12-11T05:26:55Z" finished-at="2017-12-11T05:27:21Z">
      <class name="com.tesco.pom.testcases.ScreenTest_Positive_Cookies">
        <test-method status="PASS" signature="doLogin(java.util.Hashtable)[pri:0, instance:com.tesco.pom.testcases.ScreenTest_Positive_Cookies@3fb1549b]" name="doLogin" duration-ms="25863" started-at="2017-12-11T10:56:55Z" data-provider="getData" finished-at="2017-12-11T10:57:21Z">
          <params>
            <param index="0">
              <value>
                <![CDATA[{ExpectedResult=Success, Runmode=Y, Browser=Chrome}]]>
              </value>
            </param>
          </params>
          <reporter-output>
          </reporter-output>
        </test-method> <!-- doLogin -->
        <test-method status="PASS" signature="quit()[pri:0, instance:com.tesco.pom.testcases.ScreenTest_Positive_Cookies@3fb1549b]" name="quit" is-config="true" duration-ms="909" started-at="2017-12-11T10:57:21Z" finished-at="2017-12-11T10:57:21Z">
          <reporter-output>
          </reporter-output>
        </test-method> <!-- quit -->
      </class> <!-- com.tesco.pom.testcases.ScreenTest_Positive_Cookies -->
    </test> <!-- ScreenTest_Negative_DeleteLabel -->
  </suite> <!-- SuiteName -->
</testng-results>
